<?xml version="1.0" encoding="UTF-8"?>
<testng-results skipped="0" failed="0" ignored="0" total="1" passed="1">
  <reporter-output>
  </reporter-output>
  <suite name="Default suite" duration-ms="31" started-at="2019-09-21T01:49:05Z" finished-at="2019-09-21T01:49:05Z">
    <groups>
    </groups>
    <test name="Default test" duration-ms="31" started-at="2019-09-21T01:49:05Z" finished-at="2019-09-21T01:49:05Z">
      <class name="collections.DuplicateValuePrint">
        <test-method status="PASS" signature="duplciateDataChecker()[pri:0, instance:collections.DuplicateValuePrint@4cc0edeb]" name="duplciateDataChecker" duration-ms="16" started-at="2019-09-21T07:19:05Z" finished-at="2019-09-21T07:19:05Z">
          <reporter-output>
          </reporter-output>
        </test-method> <!-- duplciateDataChecker -->
      </class> <!-- collections.DuplicateValuePrint -->
    </test> <!-- Default test -->
  </suite> <!-- Default suite -->
</testng-results>
